Arguments: 
  d:\nvm\nodejs\node.exe d:\nvm\nodejs\node_modules\yarn\bin\yarn.js add react

PATH: 
  E:\download\cmder\bin;C:\Program Files (x86)\Intel\iCLS Client\;C:\Program Files\Intel\iCLS Client\;C:\Windows\system32;C:\Windows;C:\Windows\System32\Wbem;C:\Windows\System32\WindowsPowerShell\v1.0\;C:\Program Files\Intel\WiFi\bin\;C:\Program Files\Common Files\Intel\WirelessCommon\;C:\Program Files\Intel\Intel(R) Management Engine Components\DAL;C:\Program Files (x86)\Intel\Intel(R) Management Engine Components\DAL;C:\Program Files\Intel\Intel(R) Management Engine Components\IPT;C:\Program Files (x86)\Intel\Intel(R) Management Engine Components\IPT;C:\Program Files (x86)\AMD\ATI.ACE\Core-Static;C:\Program Files\Java\jdk1.8.0_152\bin;C:\Program Files\Java\jdk1.8.0_152\jre\bin;C:\Program Files\Git\cmd;d:\nvm;d:\nvm\nodejs;d:\nvm;d:\nvm\nodejs;C:\Program Files (x86)\OpenVPN\bin;;C:\Program Files\Microsoft VS Code\bin;C:\Program Files\Git\usr\bin;C:\Program Files\Git\usr\share\vim\vim74;E:\download\cmder\

Yarn version: 
  1.5.1

Node version: 
  9.8.0

Platform: 
  win32 x64

npm manifest: 
  {
    "name": "dva-template",
    "version": "1.0.0",
    "description": "",
    "main": "index.js",
    "scripts": {
      "start": "roadhog dev"
    },
    "keywords": [],
    "author": "",
    "license": "ISC",
    "devDependencies": {
      "roadhog": "^2.3.0"
    }
  }

yarn manifest: 
  No manifest

Lockfile: 
  No lockfile

Trace: 
  Error: Couldn't find package "jest-matcher-utils@^22.4.3" required by "expect@^22.4.3" on the "npm" registry.
      at new MessageError (d:\nvm\v9.8.0\node_modules\yarn\lib\cli.js:186:110)
      at PackageRequest.<anonymous> (d:\nvm\v9.8.0\node_modules\yarn\lib\cli.js:36274:17)
      at Generator.throw (<anonymous>)
      at step (d:\nvm\v9.8.0\node_modules\yarn\lib\cli.js:98:30)
      at d:\nvm\v9.8.0\node_modules\yarn\lib\cli.js:111:13
      at <anonymous>
      at process._tickCallback (internal/process/next_tick.js:118:7)
